<?xml version="1.0" encoding="UTF-8"?>
<!-- Generated by org.testng.reporters.JUnitReportReporter -->
<testsuite hostname="olm-prath.oicr.on.ca" name="ca.on.oicr.pde.workflows.WorkflowClientTest" tests="1" failures="0" timestamp="3 Nov 2017 17:44:47 GMT" time="1.347" errors="0">
  <testcase name="validateRegressionTestDefinition" time="1.347" classname="ca.on.oicr.pde.workflows.WorkflowClientTest"/>
</testsuite> <!-- ca.on.oicr.pde.workflows.WorkflowClientTest -->
